<?xml version="1.0" encoding="UTF-8"?>
<!-- Generated by org.testng.reporters.JUnitXMLReporter -->
<testsuite hostname="DESKTOP-Q3OL5F5" ignored="0" name="ResolverTest" tests="6" failures="0" timestamp="02 Feb 2023 03:12:36 GMT" time="31.973" errors="0">
  <testcase name="test1" time="6.016" classname="resolverAssessment.TestCases.test1_page"/>
  <testcase name="test2" time="0.425" classname="resolverAssessment.TestCases.test2_page"/>
  <testcase name="test3" time="0.732" classname="resolverAssessment.TestCases.test3_page"/>
  <testcase name="test4" time="0.327" classname="resolverAssessment.TestCases.test4_page"/>
  <testcase name="test5" time="1.6" classname="resolverAssessment.TestCases.test5_page"/>
  <testcase name="test6" time="5.58" classname="resolverAssessment.TestCases.test6_page"/>
</testsuite> <!-- ResolverTest -->
