<?xml version="1.0" encoding="UTF-8"?>
<testsuite xmlns:xsi="http://www.w3.org/2001/XMLSchema-instance" xsi:noNamespaceSchemaLocation="https://maven.apache.org/surefire/maven-surefire-plugin/xsd/surefire-test-report-3.0.xsd" version="3.0" name="TestSuite" time="36.091" tests="6" errors="0" skipped="0" failures="0">
  <properties>
[...]
</properties>
  <testcase name="test1" classname="resolverAssessment.TestCases.test1_page" time="6.02">
    <system-out><![CDATA[[TestNGContentHandler] [WARN] It is strongly recommended to add "<!DOCTYPE suite SYSTEM "http://testng.org/testng-1.0.dtd" >" at the top of your file, otherwise TestNG may fail or not work as expected.
Assessment page is openened successfully
---------------verifying_elements-----------------------
Sign_in_field is displayed on the page
Password_field is displayed on the page
Sign_in_button is displayed on the page
-----------------Filling_login-------------------------
[INFO ] 02-02-2023 01:01:55.072 test1_page - Screenshot captured successfully
Email and Password entered as : shobana.g@gmail.com and test123
[INFO ] 02-02-2023 01:02:00.530 test1_page - Screenshot captured successfully
Clicked on sign in button
]]></system-out>
    <system-err><![CDATA[SLF4J: Failed to load class "org.slf4j.impl.StaticLoggerBinder".
SLF4J: Defaulting to no-operation (NOP) logger implementation
SLF4J: See http://www.slf4j.org/codes.html#StaticLoggerBinder for further details.
Starting ChromeDriver 109.0.5414.74 (e7c5703604daa9cc128ccf5a5d3e993513758913-refs/branch-heads/5414@{#1172}) on port 32857
Only local connections are allowed.
Please see https://chromedriver.chromium.org/security-considerations for suggestions on keeping ChromeDriver safe.
ChromeDriver was started successfully.
Feb 02, 2023 1:01:54 PM org.openqa.selenium.remote.ProtocolHandshake createSession
INFO: Detected dialect: W3C
]]></system-err>
  </testcase>
  <testcase name="test2" classname="resolverAssessment.TestCases.test2_page" time="0.363">
    <system-out><![CDATA[Assessment page is closed successfully
Assessment page is openened successfully
----------verifying_list_elements-------------------
Number of elements in the list is : 3
Name of the elements in the list are: 
List Item 1 3
List Item 2 6
List Item 3 9
[INFO ] 02-02-2023 01:02:04.149 test2_page - Assertion done : List displayed contains 3 elements
-------------verifying_list_item_value----------------
Value in the list_item 2 is : List Item 2
[INFO ] 02-02-2023 01:02:04.172 test2_page - Assertion done : Value in the second list item is: List Item 2
-------------------verifying_badge_value---------------
Badge value in the second_item is : 6
[INFO ] 02-02-2023 01:02:04.196 test2_page - Assertion done : Badge value displayed is :6
[INFO ] 02-02-2023 01:02:04.375 test2_page - Screenshot captured successfully
]]></system-out>
    <system-err><![CDATA[Starting ChromeDriver 109.0.5414.74 (e7c5703604daa9cc128ccf5a5d3e993513758913-refs/branch-heads/5414@{#1172}) on port 32078
Only local connections are allowed.
Please see https://chromedriver.chromium.org/security-considerations for suggestions on keeping ChromeDriver safe.
ChromeDriver was started successfully.
Feb 02, 2023 1:02:02 PM org.openqa.selenium.remote.ProtocolHandshake createSession
INFO: Detected dialect: W3C
]]></system-err>
  </testcase>
  <testcase name="test3" classname="resolverAssessment.TestCases.test3_page" time="0.738">
    <system-out><![CDATA[Assessment page is closed successfully
Assessment page is openened successfully
DropDown name dislayed in test3 is : Option 1
[INFO ] 02-02-2023 01:02:07.216 test3_page - Assertion done : Both value matches, displayed name is as per the requiremnet
Selected option from the Dropdown is Option 3
[INFO ] 02-02-2023 01:02:07.911 test3_page - Screenshot captured successfully
]]></system-out>
    <system-err><![CDATA[Starting ChromeDriver 109.0.5414.74 (e7c5703604daa9cc128ccf5a5d3e993513758913-refs/branch-heads/5414@{#1172}) on port 23447
Only local connections are allowed.
Please see https://chromedriver.chromium.org/security-considerations for suggestions on keeping ChromeDriver safe.
ChromeDriver was started successfully.
Feb 02, 2023 1:02:06 PM org.openqa.selenium.remote.ProtocolHandshake createSession
INFO: Detected dialect: W3C
]]></system-err>
  </testcase>
  <testcase name="test4" classname="resolverAssessment.TestCases.test4_page" time="0.349">
    <system-out><![CDATA[Assessment page is closed successfully
Assessment page is openened successfully
First button is enabled
[INFO ] 02-02-2023 01:02:10.600 test4_page - Assertion done : First button is enabled
Second button is disabled
[INFO ] 02-02-2023 01:02:10.643 test4_page - Assertion done : Second button is disabled
[INFO ] 02-02-2023 01:02:10.923 test4_page - Screenshot captured successfully
]]></system-out>
    <system-err><![CDATA[Starting ChromeDriver 109.0.5414.74 (e7c5703604daa9cc128ccf5a5d3e993513758913-refs/branch-heads/5414@{#1172}) on port 16688
Only local connections are allowed.
Please see https://chromedriver.chromium.org/security-considerations for suggestions on keeping ChromeDriver safe.
ChromeDriver was started successfully.
Feb 02, 2023 1:02:09 PM org.openqa.selenium.remote.ProtocolHandshake createSession
INFO: Detected dialect: W3C
]]></system-err>
  </testcase>
  <testcase name="test5" classname="resolverAssessment.TestCases.test5_page" time="2.71">
    <system-out><![CDATA[Assessment page is closed successfully
Assessment page is openened successfully
Button in test5 is clicked
Alert message displayed after clicking the button is : You clicked a button!
[INFO ] 02-02-2023 01:02:16.106 test5_page - Assertion done : Success message matches as *You clicked a button!*
The button is disabled after clicking
[INFO ] 02-02-2023 01:02:16.131 test5_page - Assertion done : Button is disabled after clicking
[INFO ] 02-02-2023 01:02:16.331 test5_page - Screenshot captured successfully
]]></system-out>
    <system-err><![CDATA[Starting ChromeDriver 109.0.5414.74 (e7c5703604daa9cc128ccf5a5d3e993513758913-refs/branch-heads/5414@{#1172}) on port 30120
Only local connections are allowed.
Please see https://chromedriver.chromium.org/security-considerations for suggestions on keeping ChromeDriver safe.
ChromeDriver was started successfully.
Feb 02, 2023 1:02:12 PM org.openqa.selenium.remote.ProtocolHandshake createSession
INFO: Detected dialect: W3C
]]></system-err>
  </testcase>
  <testcase name="test6" classname="resolverAssessment.TestCases.test6_page" time="5.555">
    <system-out><![CDATA[Assessment page is closed successfully
Assessment page is openened successfully
Values in the table: 
Brietta
Tinmouth
Cardguard
Griff
Carswell
It
Thadeus
Posselt
Ventosanzap
Value dispplayed in cordinate [2][2] is : Ventosanzap
[INFO ] 02-02-2023 01:02:24.759 test6_page - Assertion done: Value in the cell is Ventosanzap
[INFO ] 02-02-2023 01:02:24.977 test6_page - Screenshot captured successfully
]]></system-out>
    <system-err><![CDATA[Starting ChromeDriver 109.0.5414.74 (e7c5703604daa9cc128ccf5a5d3e993513758913-refs/branch-heads/5414@{#1172}) on port 21712
Only local connections are allowed.
Please see https://chromedriver.chromium.org/security-considerations for suggestions on keeping ChromeDriver safe.
ChromeDriver was started successfully.
Feb 02, 2023 1:02:18 PM org.openqa.selenium.remote.ProtocolHandshake createSession
INFO: Detected dialect: W3C
]]></system-err>
  </testcase>
</testsuite>