<?xml version="1.0" encoding="UTF-8"?>
<!-- Generated by org.testng.reporters.JUnitXMLReporter -->
<testsuite hostname="DESKTOP-Q3OL5F5" ignored="0" name="ResolverTest" tests="6" failures="0" timestamp="02 Feb 2023 02:56:54 GMT" time="37.705" errors="0">
  <testcase name="test1" time="6.101" classname="resolverAssessment.TestCases.test1_page"/>
  <testcase name="test2" time="0.392" classname="resolverAssessment.TestCases.test2_page"/>
  <testcase name="test3" time="0.75" classname="resolverAssessment.TestCases.test3_page"/>
  <testcase name="test4" time="0.356" classname="resolverAssessment.TestCases.test4_page"/>
  <testcase name="test5" time="8.792" classname="resolverAssessment.TestCases.test5_page"/>
  <testcase name="test6" time="5.594" classname="resolverAssessment.TestCases.test6_page"/>
</testsuite> <!-- ResolverTest -->
